<?xml version="1.0" encoding="UTF-8"?>
<testsuite name="org.repkg.FileHandler.DefaultFileHandlerTest" tests="1" skipped="0" failures="0" errors="0" timestamp="2024-09-06T18:33:46" hostname="LAPTOP-I6Q6EF1M" time="0.0">
  <properties/>
  <testcase name="testDefaultFileHandler" classname="org.repkg.FileHandler.DefaultFileHandlerTest" time="0.0"/>
  <system-out><![CDATA[]]></system-out>
  <system-err><![CDATA[]]></system-err>
</testsuite>
